# JRE version: Java(TM) SE Runtime Environment (8.0_60-b27) (build 1.8.0_60-b27)
# Java VM: Java HotSpot(TM) 64-Bit Server VM (25.60-b23 mixed mode windows-amd64 compressed oops)
Heap:
 PSYoungGen      total 624640K, used 261304K [0x00000000d5e00000, 0x0000000100000000, 0x0000000100000000)
  eden space 595968K, 39% used [0x00000000d5e00000,0x00000000e4178c38,0x00000000fa400000)
  from space 28672K, 98% used [0x00000000fa400000,0x00000000fbfb53e8,0x00000000fc000000)
  to   space 48640K, 0% used [0x00000000fd080000,0x00000000fd080000,0x0000000100000000)
 ParOldGen       total 138752K, used 60251K [0x0000000081a00000, 0x000000008a180000, 0x00000000d5e00000)
  object space 138752K, 43% used [0x0000000081a00000,0x00000000854d6f98,0x000000008a180000)
 Metaspace       used 86631K, capacity 88302K, committed 88536K, reserved 1128448K
  class space    used 8915K, capacity 9348K, committed 9472K, reserved 1048576K
GC Heap History (10 events):
Event: 368.131 GC heap before
{Heap before GC invocations=35 (full 9):
 PSYoungGen      total 645120K, used 1344K [0x00000000d5e00000, 0x0000000100000000, 0x0000000100000000)
  eden space 599552K, 0% used [0x00000000d5e00000,0x00000000d5e00000,0x00000000fa780000)
  from space 45568K, 2% used [0x00000000fd380000,0x00000000fd4d0000,0x0000000100000000)
  to   space 45056K, 0% used [0x00000000fa780000,0x00000000fa780000,0x00000000fd380000)
 ParOldGen       total 138752K, used 57074K [0x0000000081a00000, 0x000000008a180000, 0x00000000d5e00000)
  object space 138752K, 41% used [0x0000000081a00000,0x00000000851bc978,0x000000008a180000)
 Metaspace       used 79214K, capacity 80672K, committed 80728K, reserved 1122304K
  class space    used 8450K, capacity 8830K, committed 8832K, reserved 1048576K
Event: 368.555 GC heap after
Heap after GC invocations=35 (full 9):
 PSYoungGen      total 645120K, used 0K [0x00000000d5e00000, 0x0000000100000000, 0x0000000100000000)
  eden space 599552K, 0% used [0x00000000d5e00000,0x00000000d5e00000,0x00000000fa780000)
  from space 45568K, 0% used [0x00000000fd380000,0x00000000fd380000,0x0000000100000000)
  to   space 45056K, 0% used [0x00000000fa780000,0x00000000fa780000,0x00000000fd380000)
 ParOldGen       total 138752K, used 57311K [0x0000000081a00000, 0x000000008a180000, 0x00000000d5e00000)
  object space 138752K, 41% used [0x0000000081a00000,0x00000000851f7d98,0x000000008a180000)
 Metaspace       used 79177K, capacity 80612K, committed 80728K, reserved 1122304K
  class space    used 8444K, capacity 8819K, committed 8832K, reserved 1048576K
}
Event: 371.819 GC heap before
{Heap before GC invocations=36 (full 9):
 PSYoungGen      total 645120K, used 599552K [0x00000000d5e00000, 0x0000000100000000, 0x0000000100000000)
  eden space 599552K, 100% used [0x00000000d5e00000,0x00000000fa780000,0x00000000fa780000)
  from space 45568K, 0% used [0x00000000fd380000,0x00000000fd380000,0x0000000100000000)
  to   space 45056K, 0% used [0x00000000fa780000,0x00000000fa780000,0x00000000fd380000)
 ParOldGen       total 138752K, used 57311K [0x0000000081a00000, 0x000000008a180000, 0x00000000d5e00000)
  object space 138752K, 41% used [0x0000000081a00000,0x00000000851f7d98,0x000000008a180000)
 Metaspace       used 81487K, capacity 82896K, committed 83288K, reserved 1124352K
  class space    used 8605K, capacity 8987K, committed 9088K, reserved 1048576K
Event: 371.854 GC heap after
Heap after GC invocations=36 (full 9):
 PSYoungGen      total 628736K, used 29161K [0x00000000d5e00000, 0x0000000100000000, 0x0000000100000000)
  eden space 599552K, 0% used [0x00000000d5e00000,0x00000000d5e00000,0x00000000fa780000)
  from space 29184K, 99% used [0x00000000fa780000,0x00000000fc3fa450,0x00000000fc400000)
  to   space 47616K, 0% used [0x00000000fd180000,0x00000000fd180000,0x0000000100000000)
 ParOldGen       total 138752K, used 57319K [0x0000000081a00000, 0x000000008a180000, 0x00000000d5e00000)
  object space 138752K, 41% used [0x0000000081a00000,0x00000000851f9d98,0x000000008a180000)
 Metaspace       used 81487K, capacity 82896K, committed 83288K, reserved 1124352K
  class space    used 8605K, capacity 8987K, committed 9088K, reserved 1048576K
}
Event: 382.697 GC heap before
{Heap before GC invocations=37 (full 9):
 PSYoungGen      total 628736K, used 170574K [0x00000000d5e00000, 0x0000000100000000, 0x0000000100000000)
  eden space 599552K, 23% used [0x00000000d5e00000,0x00000000de819468,0x00000000fa780000)
  from space 29184K, 99% used [0x00000000fa780000,0x00000000fc3fa450,0x00000000fc400000)
  to   space 47616K, 0% used [0x00000000fd180000,0x00000000fd180000,0x0000000100000000)
 ParOldGen       total 138752K, used 57319K [0x0000000081a00000, 0x000000008a180000, 0x00000000d5e00000)
  object space 138752K, 41% used [0x0000000081a00000,0x00000000851f9d98,0x000000008a180000)
 Metaspace       used 82689K, capacity 84192K, committed 84312K, reserved 1124352K
  class space    used 8669K, capacity 9066K, committed 9088K, reserved 1048576K
Event: 382.708 GC heap after
Heap after GC invocations=37 (full 9):
 PSYoungGen      total 643584K, used 1056K [0x00000000d5e00000, 0x0000000100000000, 0x0000000100000000)
  eden space 595968K, 0% used [0x00000000d5e00000,0x00000000d5e00000,0x00000000fa400000)
  from space 47616K, 2% used [0x00000000fd180000,0x00000000fd288000,0x0000000100000000)
  to   space 46592K, 0% used [0x00000000fa400000,0x00000000fa400000,0x00000000fd180000)
 ParOldGen       total 138752K, used 60260K [0x0000000081a00000, 0x000000008a180000, 0x00000000d5e00000)
  object space 138752K, 43% used [0x0000000081a00000,0x00000000854d9210,0x000000008a180000)
 Metaspace       used 82689K, capacity 84192K, committed 84312K, reserved 1124352K
  class space    used 8669K, capacity 9066K, committed 9088K, reserved 1048576K
}
Event: 382.708 GC heap before
{Heap before GC invocations=38 (full 10):
 PSYoungGen      total 643584K, used 1056K [0x00000000d5e00000, 0x0000000100000000, 0x0000000100000000)
  eden space 595968K, 0% used [0x00000000d5e00000,0x00000000d5e00000,0x00000000fa400000)
  from space 47616K, 2% used [0x00000000fd180000,0x00000000fd288000,0x0000000100000000)
  to   space 46592K, 0% used [0x00000000fa400000,0x00000000fa400000,0x00000000fd180000)
 ParOldGen       total 138752K, used 60260K [0x0000000081a00000, 0x000000008a180000, 0x00000000d5e00000)
  object space 138752K, 43% used [0x0000000081a00000,0x00000000854d9210,0x000000008a180000)
 Metaspace       used 82689K, capacity 84192K, committed 84312K, reserved 1124352K
  class space    used 8669K, capacity 9066K, committed 9088K, reserved 1048576K
Event: 383.004 GC heap after
Heap after GC invocations=38 (full 10):
 PSYoungGen      total 643584K, used 0K [0x00000000d5e00000, 0x0000000100000000, 0x0000000100000000)
  eden space 595968K, 0% used [0x00000000d5e00000,0x00000000d5e00000,0x00000000fa400000)
  from space 47616K, 0% used [0x00000000fd180000,0x00000000fd180000,0x0000000100000000)
  to   space 46592K, 0% used [0x00000000fa400000,0x00000000fa400000,0x00000000fd180000)
 ParOldGen       total 138752K, used 60243K [0x0000000081a00000, 0x000000008a180000, 0x00000000d5e00000)
  object space 138752K, 43% used [0x0000000081a00000,0x00000000854d4f98,0x000000008a180000)
 Metaspace       used 82652K, capacity 84132K, committed 84312K, reserved 1124352K
  class space    used 8663K, capacity 9055K, committed 9088K, reserved 1048576K
}
Event: 386.506 GC heap before
{Heap before GC invocations=39 (full 10):
 PSYoungGen      total 643584K, used 595968K [0x00000000d5e00000, 0x0000000100000000, 0x0000000100000000)
  eden space 595968K, 100% used [0x00000000d5e00000,0x00000000fa400000,0x00000000fa400000)
  from space 47616K, 0% used [0x00000000fd180000,0x00000000fd180000,0x0000000100000000)
  to   space 46592K, 0% used [0x00000000fa400000,0x00000000fa400000,0x00000000fd180000)
 ParOldGen       total 138752K, used 60243K [0x0000000081a00000, 0x000000008a180000, 0x00000000d5e00000)
  object space 138752K, 43% used [0x0000000081a00000,0x00000000854d4f98,0x000000008a180000)
 Metaspace       used 85097K, capacity 86690K, committed 86872K, reserved 1126400K
  class space    used 8838K, capacity 9258K, committed 9344K, reserved 1048576K
Event: 386.554 GC heap after
Heap after GC invocations=39 (full 10):
 PSYoungGen      total 624640K, used 28372K [0x00000000d5e00000, 0x0000000100000000, 0x0000000100000000)
  eden space 595968K, 0% used [0x00000000d5e00000,0x00000000d5e00000,0x00000000fa400000)
  from space 28672K, 98% used [0x00000000fa400000,0x00000000fbfb53e8,0x00000000fc000000)
  to   space 48640K, 0% used [0x00000000fd080000,0x00000000fd080000,0x0000000100000000)
 ParOldGen       total 138752K, used 60251K [0x0000000081a00000, 0x000000008a180000, 0x00000000d5e00000)
  object space 138752K, 43% used [0x0000000081a00000,0x00000000854d6f98,0x000000008a180000)
 Metaspace       used 85097K, capacity 86690K, committed 86872K, reserved 1126400K
  class space    used 8838K, capacity 9258K, committed 9344K, reserved 1048576K
}

