# JRE version: Java(TM) SE Runtime Environment (8.0_60-b27) (build 1.8.0_60-b27)
# Java VM: Java HotSpot(TM) 64-Bit Server VM (25.60-b23 mixed mode windows-amd64 compressed oops)
Heap:
 PSYoungGen      total 658432K, used 483452K [0x00000000d5e00000, 0x00000000ffe00000, 0x0000000100000000)
  eden space 628736K, 74% used [0x00000000d5e00000,0x00000000f26b16f8,0x00000000fc400000)
  from space 29696K, 53% used [0x00000000fe100000,0x00000000ff06dca8,0x00000000ffe00000)
  to   space 29696K, 0% used [0x00000000fc400000,0x00000000fc400000,0x00000000fe100000)
 ParOldGen       total 140800K, used 40397K [0x0000000081a00000, 0x000000008a380000, 0x00000000d5e00000)
  object space 140800K, 28% used [0x0000000081a00000,0x00000000841736e8,0x000000008a380000)
 Metaspace       used 70184K, capacity 71410K, committed 71512K, reserved 1112064K
  class space    used 7942K, capacity 8224K, committed 8320K, reserved 1048576K
GC Heap History (10 events):
Event: 268.558 GC heap before
{Heap before GC invocations=21 (full 4):
 PSYoungGen      total 470528K, used 462535K [0x00000000d5e00000, 0x00000000f4e80000, 0x0000000100000000)
  eden space 453120K, 100% used [0x00000000d5e00000,0x00000000f1880000,0x00000000f1880000)
  from space 17408K, 54% used [0x00000000f3d80000,0x00000000f46b1e90,0x00000000f4e80000)
  to   space 27648K, 0% used [0x00000000f1880000,0x00000000f1880000,0x00000000f3380000)
 ParOldGen       total 140800K, used 37826K [0x0000000081a00000, 0x000000008a380000, 0x00000000d5e00000)
  object space 140800K, 26% used [0x0000000081a00000,0x0000000083ef0808,0x000000008a380000)
 Metaspace       used 63298K, capacity 64396K, committed 64600K, reserved 1105920K
  class space    used 7498K, capacity 7759K, committed 7808K, reserved 1048576K
Event: 268.598 GC heap after
Heap after GC invocations=21 (full 4):
 PSYoungGen      total 480768K, used 23357K [0x00000000d5e00000, 0x00000000fd480000, 0x0000000100000000)
  eden space 453120K, 0% used [0x00000000d5e00000,0x00000000d5e00000,0x00000000f1880000)
  from space 27648K, 84% used [0x00000000f1880000,0x00000000f2f4f548,0x00000000f3380000)
  to   space 30720K, 0% used [0x00000000fb680000,0x00000000fb680000,0x00000000fd480000)
 ParOldGen       total 140800K, used 40050K [0x0000000081a00000, 0x000000008a380000, 0x00000000d5e00000)
  object space 140800K, 28% used [0x0000000081a00000,0x000000008411c9b8,0x000000008a380000)
 Metaspace       used 63298K, capacity 64396K, committed 64600K, reserved 1105920K
  class space    used 7498K, capacity 7759K, committed 7808K, reserved 1048576K
}
Event: 351.277 GC heap before
{Heap before GC invocations=22 (full 4):
 PSYoungGen      total 480768K, used 90906K [0x00000000d5e00000, 0x00000000fd480000, 0x0000000100000000)
  eden space 453120K, 14% used [0x00000000d5e00000,0x00000000d9ff73f0,0x00000000f1880000)
  from space 27648K, 84% used [0x00000000f1880000,0x00000000f2f4f548,0x00000000f3380000)
  to   space 30720K, 0% used [0x00000000fb680000,0x00000000fb680000,0x00000000fd480000)
 ParOldGen       total 140800K, used 40050K [0x0000000081a00000, 0x000000008a380000, 0x00000000d5e00000)
  object space 140800K, 28% used [0x0000000081a00000,0x000000008411c9b8,0x000000008a380000)
 Metaspace       used 63328K, capacity 64402K, committed 64600K, reserved 1105920K
  class space    used 7499K, capacity 7761K, committed 7808K, reserved 1048576K
Event: 351.300 GC heap after
Heap after GC invocations=22 (full 4):
 PSYoungGen      total 614400K, used 128K [0x00000000d5e00000, 0x00000000fd580000, 0x0000000100000000)
  eden space 583680K, 0% used [0x00000000d5e00000,0x00000000d5e00000,0x00000000f9800000)
  from space 30720K, 0% used [0x00000000fb680000,0x00000000fb6a0000,0x00000000fd480000)
  to   space 31232K, 0% used [0x00000000f9800000,0x00000000f9800000,0x00000000fb680000)
 ParOldGen       total 140800K, used 56693K [0x0000000081a00000, 0x000000008a380000, 0x00000000d5e00000)
  object space 140800K, 40% used [0x0000000081a00000,0x000000008515d6d0,0x000000008a380000)
 Metaspace       used 63328K, capacity 64402K, committed 64600K, reserved 1105920K
  class space    used 7499K, capacity 7761K, committed 7808K, reserved 1048576K
}
Event: 351.300 GC heap before
{Heap before GC invocations=23 (full 5):
 PSYoungGen      total 614400K, used 128K [0x00000000d5e00000, 0x00000000fd580000, 0x0000000100000000)
  eden space 583680K, 0% used [0x00000000d5e00000,0x00000000d5e00000,0x00000000f9800000)
  from space 30720K, 0% used [0x00000000fb680000,0x00000000fb6a0000,0x00000000fd480000)
  to   space 31232K, 0% used [0x00000000f9800000,0x00000000f9800000,0x00000000fb680000)
 ParOldGen       total 140800K, used 56693K [0x0000000081a00000, 0x000000008a380000, 0x00000000d5e00000)
  object space 140800K, 40% used [0x0000000081a00000,0x000000008515d6d0,0x000000008a380000)
 Metaspace       used 63328K, capacity 64402K, committed 64600K, reserved 1105920K
  class space    used 7499K, capacity 7761K, committed 7808K, reserved 1048576K
Event: 351.711 GC heap after
Heap after GC invocations=23 (full 5):
 PSYoungGen      total 614400K, used 0K [0x00000000d5e00000, 0x00000000fd580000, 0x0000000100000000)
  eden space 583680K, 0% used [0x00000000d5e00000,0x00000000d5e00000,0x00000000f9800000)
  from space 30720K, 0% used [0x00000000fb680000,0x00000000fb680000,0x00000000fd480000)
  to   space 31232K, 0% used [0x00000000f9800000,0x00000000f9800000,0x00000000fb680000)
 ParOldGen       total 140800K, used 40381K [0x0000000081a00000, 0x000000008a380000, 0x00000000d5e00000)
  object space 140800K, 28% used [0x0000000081a00000,0x000000008416f6e8,0x000000008a380000)
 Metaspace       used 63291K, capacity 64342K, committed 64600K, reserved 1105920K
  class space    used 7494K, capacity 7750K, committed 7808K, reserved 1048576K
}
Event: 366.449 GC heap before
{Heap before GC invocations=24 (full 5):
 PSYoungGen      total 614400K, used 583680K [0x00000000d5e00000, 0x00000000fd580000, 0x0000000100000000)
  eden space 583680K, 100% used [0x00000000d5e00000,0x00000000f9800000,0x00000000f9800000)
  from space 30720K, 0% used [0x00000000fb680000,0x00000000fb680000,0x00000000fd480000)
  to   space 31232K, 0% used [0x00000000f9800000,0x00000000f9800000,0x00000000fb680000)
 ParOldGen       total 140800K, used 40381K [0x0000000081a00000, 0x000000008a380000, 0x00000000d5e00000)
  object space 140800K, 28% used [0x0000000081a00000,0x000000008416f6e8,0x000000008a380000)
 Metaspace       used 65150K, capacity 66252K, committed 66520K, reserved 1107968K
  class space    used 7645K, capacity 7898K, committed 7936K, reserved 1048576K
Event: 366.489 GC heap after
Heap after GC invocations=24 (full 5):
 PSYoungGen      total 614912K, used 13880K [0x00000000d5e00000, 0x00000000ffe80000, 0x0000000100000000)
  eden space 583680K, 0% used [0x00000000d5e00000,0x00000000d5e00000,0x00000000f9800000)
  from space 31232K, 44% used [0x00000000f9800000,0x00000000fa58e150,0x00000000fb680000)
  to   space 30208K, 0% used [0x00000000fe100000,0x00000000fe100000,0x00000000ffe80000)
 ParOldGen       total 140800K, used 40389K [0x0000000081a00000, 0x000000008a380000, 0x00000000d5e00000)
  object space 140800K, 28% used [0x0000000081a00000,0x00000000841716e8,0x000000008a380000)
 Metaspace       used 65150K, capacity 66252K, committed 66520K, reserved 1107968K
  class space    used 7645K, capacity 7898K, committed 7936K, reserved 1048576K
}
Event: 402.486 GC heap before
{Heap before GC invocations=25 (full 5):
 PSYoungGen      total 614912K, used 597560K [0x00000000d5e00000, 0x00000000ffe80000, 0x0000000100000000)
  eden space 583680K, 100% used [0x00000000d5e00000,0x00000000f9800000,0x00000000f9800000)
  from space 31232K, 44% used [0x00000000f9800000,0x00000000fa58e150,0x00000000fb680000)
  to   space 30208K, 0% used [0x00000000fe100000,0x00000000fe100000,0x00000000ffe80000)
 ParOldGen       total 140800K, used 40389K [0x0000000081a00000, 0x000000008a380000, 0x00000000d5e00000)
  object space 140800K, 28% used [0x0000000081a00000,0x00000000841716e8,0x000000008a380000)
 Metaspace       used 66625K, capacity 67812K, committed 67928K, reserved 1110016K
  class space    used 7762K, capacity 8045K, committed 8064K, reserved 1048576K
Event: 402.504 GC heap after
Heap after GC invocations=25 (full 5):
 PSYoungGen      total 658432K, used 15799K [0x00000000d5e00000, 0x00000000ffe00000, 0x0000000100000000)
  eden space 628736K, 0% used [0x00000000d5e00000,0x00000000d5e00000,0x00000000fc400000)
  from space 29696K, 53% used [0x00000000fe100000,0x00000000ff06dca8,0x00000000ffe00000)
  to   space 29696K, 0% used [0x00000000fc400000,0x00000000fc400000,0x00000000fe100000)
 ParOldGen       total 140800K, used 40397K [0x0000000081a00000, 0x000000008a380000, 0x00000000d5e00000)
  object space 140800K, 28% used [0x0000000081a00000,0x00000000841736e8,0x000000008a380000)
 Metaspace       used 66625K, capacity 67812K, committed 67928K, reserved 1110016K
  class space    used 7762K, capacity 8045K, committed 8064K, reserved 1048576K
}

