# JRE version: Java(TM) SE Runtime Environment (8.0_60-b27) (build 1.8.0_60-b27)
# Java VM: Java HotSpot(TM) 64-Bit Server VM (25.60-b23 mixed mode windows-amd64 compressed oops)
Heap:
 PSYoungGen      total 239104K, used 235343K [0x00000000d5e00000, 0x00000000eaa00000, 0x0000000100000000)
  eden space 219136K, 98% used [0x00000000d5e00000,0x00000000e3054c78,0x00000000e3400000)
  from space 19968K, 99% used [0x00000000e3400000,0x00000000e477f170,0x00000000e4780000)
  to   space 26112K, 0% used [0x00000000e9080000,0x00000000e9080000,0x00000000eaa00000)
 ParOldGen       total 104960K, used 34736K [0x0000000081a00000, 0x0000000088080000, 0x00000000d5e00000)
  object space 104960K, 33% used [0x0000000081a00000,0x0000000083bec168,0x0000000088080000)
 Metaspace       used 56310K, capacity 57188K, committed 57344K, reserved 1099776K
  class space    used 6909K, capacity 7106K, committed 7168K, reserved 1048576K
GC Heap History (10 events):
Event: 9.694 GC heap before
{Heap before GC invocations=11 (full 1):
 PSYoungGen      total 152064K, used 151631K [0x00000000d5e00000, 0x00000000e2300000, 0x0000000100000000)
  eden space 140800K, 100% used [0x00000000d5e00000,0x00000000de780000,0x00000000de780000)
  from space 11264K, 96% used [0x00000000de780000,0x00000000df213ed8,0x00000000df280000)
  to   space 12800K, 0% used [0x00000000e1680000,0x00000000e1680000,0x00000000e2300000)
 ParOldGen       total 66560K, used 10895K [0x0000000081a00000, 0x0000000085b00000, 0x00000000d5e00000)
  object space 66560K, 16% used [0x0000000081a00000,0x00000000824a3c50,0x0000000085b00000)
 Metaspace       used 31952K, capacity 32360K, committed 32512K, reserved 1077248K
  class space    used 3935K, capacity 4071K, committed 4096K, reserved 1048576K
Event: 9.720 GC heap after
Heap after GC invocations=11 (full 1):
 PSYoungGen      total 187392K, used 12782K [0x00000000d5e00000, 0x00000000e2780000, 0x0000000100000000)
  eden space 174592K, 0% used [0x00000000d5e00000,0x00000000d5e00000,0x00000000e0880000)
  from space 12800K, 99% used [0x00000000e1680000,0x00000000e22fbbf0,0x00000000e2300000)
  to   space 14336K, 0% used [0x00000000e0880000,0x00000000e0880000,0x00000000e1680000)
 ParOldGen       total 66560K, used 11784K [0x0000000081a00000, 0x0000000085b00000, 0x00000000d5e00000)
  object space 66560K, 17% used [0x0000000081a00000,0x0000000082582158,0x0000000085b00000)
 Metaspace       used 31952K, capacity 32360K, committed 32512K, reserved 1077248K
  class space    used 3935K, capacity 4071K, committed 4096K, reserved 1048576K
}
Event: 11.234 GC heap before
{Heap before GC invocations=12 (full 1):
 PSYoungGen      total 187392K, used 59237K [0x00000000d5e00000, 0x00000000e2780000, 0x0000000100000000)
  eden space 174592K, 26% used [0x00000000d5e00000,0x00000000d8b5d918,0x00000000e0880000)
  from space 12800K, 99% used [0x00000000e1680000,0x00000000e22fbbf0,0x00000000e2300000)
  to   space 14336K, 0% used [0x00000000e0880000,0x00000000e0880000,0x00000000e1680000)
 ParOldGen       total 66560K, used 11784K [0x0000000081a00000, 0x0000000085b00000, 0x00000000d5e00000)
  object space 66560K, 17% used [0x0000000081a00000,0x0000000082582158,0x0000000085b00000)
 Metaspace       used 34782K, capacity 35220K, committed 35456K, reserved 1081344K
  class space    used 4240K, capacity 4374K, committed 4480K, reserved 1048576K
Event: 11.263 GC heap after
Heap after GC invocations=12 (full 1):
 PSYoungGen      total 188928K, used 14315K [0x00000000d5e00000, 0x00000000e5800000, 0x0000000100000000)
  eden space 174592K, 0% used [0x00000000d5e00000,0x00000000d5e00000,0x00000000e0880000)
  from space 14336K, 99% used [0x00000000e0880000,0x00000000e167ae98,0x00000000e1680000)
  to   space 16896K, 0% used [0x00000000e4780000,0x00000000e4780000,0x00000000e5800000)
 ParOldGen       total 66560K, used 13258K [0x0000000081a00000, 0x0000000085b00000, 0x00000000d5e00000)
  object space 66560K, 19% used [0x0000000081a00000,0x00000000826f2900,0x0000000085b00000)
 Metaspace       used 34782K, capacity 35220K, committed 35456K, reserved 1081344K
  class space    used 4240K, capacity 4374K, committed 4480K, reserved 1048576K
}
Event: 11.263 GC heap before
{Heap before GC invocations=13 (full 2):
 PSYoungGen      total 188928K, used 14315K [0x00000000d5e00000, 0x00000000e5800000, 0x0000000100000000)
  eden space 174592K, 0% used [0x00000000d5e00000,0x00000000d5e00000,0x00000000e0880000)
  from space 14336K, 99% used [0x00000000e0880000,0x00000000e167ae98,0x00000000e1680000)
  to   space 16896K, 0% used [0x00000000e4780000,0x00000000e4780000,0x00000000e5800000)
 ParOldGen       total 66560K, used 13258K [0x0000000081a00000, 0x0000000085b00000, 0x00000000d5e00000)
  object space 66560K, 19% used [0x0000000081a00000,0x00000000826f2900,0x0000000085b00000)
 Metaspace       used 34782K, capacity 35220K, committed 35456K, reserved 1081344K
  class space    used 4240K, capacity 4374K, committed 4480K, reserved 1048576K
Event: 11.398 GC heap after
Heap after GC invocations=13 (full 2):
 PSYoungGen      total 188928K, used 0K [0x00000000d5e00000, 0x00000000e5800000, 0x0000000100000000)
  eden space 174592K, 0% used [0x00000000d5e00000,0x00000000d5e00000,0x00000000e0880000)
  from space 14336K, 0% used [0x00000000e0880000,0x00000000e0880000,0x00000000e1680000)
  to   space 16896K, 0% used [0x00000000e4780000,0x00000000e4780000,0x00000000e5800000)
 ParOldGen       total 104960K, used 23575K [0x0000000081a00000, 0x0000000088080000, 0x00000000d5e00000)
  object space 104960K, 22% used [0x0000000081a00000,0x0000000083105c50,0x0000000088080000)
 Metaspace       used 34782K, capacity 35220K, committed 35456K, reserved 1081344K
  class space    used 4240K, capacity 4374K, committed 4480K, reserved 1048576K
}
Event: 15.052 GC heap before
{Heap before GC invocations=14 (full 2):
 PSYoungGen      total 188928K, used 174592K [0x00000000d5e00000, 0x00000000e5800000, 0x0000000100000000)
  eden space 174592K, 100% used [0x00000000d5e00000,0x00000000e0880000,0x00000000e0880000)
  from space 14336K, 0% used [0x00000000e0880000,0x00000000e0880000,0x00000000e1680000)
  to   space 16896K, 0% used [0x00000000e4780000,0x00000000e4780000,0x00000000e5800000)
 ParOldGen       total 104960K, used 23575K [0x0000000081a00000, 0x0000000088080000, 0x00000000d5e00000)
  object space 104960K, 22% used [0x0000000081a00000,0x0000000083105c50,0x0000000088080000)
 Metaspace       used 45222K, capacity 45714K, committed 45952K, reserved 1089536K
  class space    used 5581K, capacity 5739K, committed 5760K, reserved 1048576K
Event: 15.114 GC heap after
Heap after GC invocations=14 (full 2):
 PSYoungGen      total 236032K, used 16876K [0x00000000d5e00000, 0x00000000e5f80000, 0x0000000100000000)
  eden space 219136K, 0% used [0x00000000d5e00000,0x00000000d5e00000,0x00000000e3400000)
  from space 16896K, 99% used [0x00000000e4780000,0x00000000e57fb080,0x00000000e5800000)
  to   space 19968K, 0% used [0x00000000e3400000,0x00000000e3400000,0x00000000e4780000)
 ParOldGen       total 104960K, used 24904K [0x0000000081a00000, 0x0000000088080000, 0x00000000d5e00000)
  object space 104960K, 23% used [0x0000000081a00000,0x0000000083252048,0x0000000088080000)
 Metaspace       used 45222K, capacity 45714K, committed 45952K, reserved 1089536K
  class space    used 5581K, capacity 5739K, committed 5760K, reserved 1048576K
}
Event: 18.289 GC heap before
{Heap before GC invocations=15 (full 2):
 PSYoungGen      total 236032K, used 236012K [0x00000000d5e00000, 0x00000000e5f80000, 0x0000000100000000)
  eden space 219136K, 100% used [0x00000000d5e00000,0x00000000e3400000,0x00000000e3400000)
  from space 16896K, 99% used [0x00000000e4780000,0x00000000e57fb080,0x00000000e5800000)
  to   space 19968K, 0% used [0x00000000e3400000,0x00000000e3400000,0x00000000e4780000)
 ParOldGen       total 104960K, used 24904K [0x0000000081a00000, 0x0000000088080000, 0x00000000d5e00000)
  object space 104960K, 23% used [0x0000000081a00000,0x0000000083252048,0x0000000088080000)
 Metaspace       used 52162K, capacity 52822K, committed 52992K, reserved 1095680K
  class space    used 6399K, capacity 6561K, committed 6656K, reserved 1048576K
Event: 18.395 GC heap after
Heap after GC invocations=15 (full 2):
 PSYoungGen      total 239104K, used 19964K [0x00000000d5e00000, 0x00000000eaa00000, 0x0000000100000000)
  eden space 219136K, 0% used [0x00000000d5e00000,0x00000000d5e00000,0x00000000e3400000)
  from space 19968K, 99% used [0x00000000e3400000,0x00000000e477f170,0x00000000e4780000)
  to   space 26112K, 0% used [0x00000000e9080000,0x00000000e9080000,0x00000000eaa00000)
 ParOldGen       total 104960K, used 34736K [0x0000000081a00000, 0x0000000088080000, 0x00000000d5e00000)
  object space 104960K, 33% used [0x0000000081a00000,0x0000000083bec168,0x0000000088080000)
 Metaspace       used 52162K, capacity 52822K, committed 52992K, reserved 1095680K
  class space    used 6399K, capacity 6561K, committed 6656K, reserved 1048576K
}

